<?xml version="1.0" encoding="UTF-8"?>
<!-- Generated by org.testng.reporters.JUnitXMLReporter -->
<testsuite hostname="Kanchan-PC" name="Default test" tests="3" failures="0" timestamp="31 Jul 2019 09:05:22 GMT" time="149.688" errors="0">
  <testcase name="NewContactCreartionTest" time="24.33" classname="com.crm.qa.testcases.ContactsPageTest"/>
  <testcase name="NewContactCreartionTest" time="24.673" classname="com.crm.qa.testcases.ContactsPageTest"/>
  <testcase name="NewContactCreartionTest" time="24.719" classname="com.crm.qa.testcases.ContactsPageTest"/>
</testsuite> <!-- Default test -->
