<?xml version="1.0" encoding="UTF-8"?>
<testng-results skipped="0" failed="1" total="9" passed="8">
  <reporter-output>
  </reporter-output>
  <suite name="FREE CRM Application Test Automation Test Suite" duration-ms="262393" started-at="2019-08-07T14:52:40Z" finished-at="2019-08-07T14:57:03Z">
    <groups>
    </groups>
    <test name="Free CRM App Test Cases" duration-ms="262393" started-at="2019-08-07T14:52:40Z" finished-at="2019-08-07T14:57:03Z">
      <class name="com.crm.qa.testcases.HomePageTest">
        <test-method status="PASS" signature="SetUp()[pri:0, instance:com.crm.qa.testcases.HomePageTest@3532ec19]" name="SetUp" is-config="true" duration-ms="22610" started-at="2019-08-07T20:23:43Z" finished-at="2019-08-07T20:24:06Z">
          <reporter-output>
          </reporter-output>
        </test-method> <!-- SetUp -->
        <test-method status="PASS" signature="HomePageTitleTest()[pri:0, instance:com.crm.qa.testcases.HomePageTest@3532ec19]" name="HomePageTitleTest" duration-ms="39" started-at="2019-08-07T20:24:06Z" finished-at="2019-08-07T20:24:06Z">
          <reporter-output>
          </reporter-output>
        </test-method> <!-- HomePageTitleTest -->
        <test-method status="PASS" signature="tearDown()[pri:0, instance:com.crm.qa.testcases.HomePageTest@3532ec19]" name="tearDown" is-config="true" duration-ms="768" started-at="2019-08-07T20:24:06Z" finished-at="2019-08-07T20:24:07Z">
          <reporter-output>
          </reporter-output>
        </test-method> <!-- tearDown -->
        <test-method status="PASS" signature="SetUp()[pri:0, instance:com.crm.qa.testcases.HomePageTest@3532ec19]" name="SetUp" is-config="true" duration-ms="16761" started-at="2019-08-07T20:24:07Z" finished-at="2019-08-07T20:24:23Z">
          <reporter-output>
          </reporter-output>
        </test-method> <!-- SetUp -->
        <test-method status="PASS" signature="HomePageLogoTest()[pri:0, instance:com.crm.qa.testcases.HomePageTest@3532ec19]" name="HomePageLogoTest" duration-ms="2663" started-at="2019-08-07T20:24:23Z" finished-at="2019-08-07T20:24:26Z">
          <reporter-output>
          </reporter-output>
        </test-method> <!-- HomePageLogoTest -->
        <test-method status="PASS" signature="tearDown()[pri:0, instance:com.crm.qa.testcases.HomePageTest@3532ec19]" name="tearDown" is-config="true" duration-ms="1339" started-at="2019-08-07T20:24:26Z" finished-at="2019-08-07T20:24:27Z">
          <reporter-output>
          </reporter-output>
        </test-method> <!-- tearDown -->
        <test-method status="PASS" signature="SetUp()[pri:0, instance:com.crm.qa.testcases.HomePageTest@3532ec19]" name="SetUp" is-config="true" duration-ms="18020" started-at="2019-08-07T20:24:27Z" finished-at="2019-08-07T20:24:45Z">
          <reporter-output>
          </reporter-output>
        </test-method> <!-- SetUp -->
        <test-method status="PASS" signature="ContactBtnTest()[pri:0, instance:com.crm.qa.testcases.HomePageTest@3532ec19]" name="ContactBtnTest" duration-ms="9387" started-at="2019-08-07T20:24:45Z" finished-at="2019-08-07T20:24:55Z">
          <reporter-output>
          </reporter-output>
        </test-method> <!-- ContactBtnTest -->
        <test-method status="PASS" signature="tearDown()[pri:0, instance:com.crm.qa.testcases.HomePageTest@3532ec19]" name="tearDown" is-config="true" duration-ms="1931" started-at="2019-08-07T20:24:55Z" finished-at="2019-08-07T20:24:57Z">
          <reporter-output>
          </reporter-output>
        </test-method> <!-- tearDown -->
      </class> <!-- com.crm.qa.testcases.HomePageTest -->
      <class name="com.crm.qa.testcases.ContactsPageTest">
        <test-method status="PASS" signature="SetUp()[pri:0, instance:com.crm.qa.testcases.ContactsPageTest@ae45eb6]" name="SetUp" is-config="true" duration-ms="25548" started-at="2019-08-07T20:24:57Z" finished-at="2019-08-07T20:25:22Z">
          <reporter-output>
          </reporter-output>
        </test-method> <!-- SetUp -->
        <test-method status="PASS" signature="ContactsLableTest()[pri:0, instance:com.crm.qa.testcases.ContactsPageTest@ae45eb6]" name="ContactsLableTest" duration-ms="1573" started-at="2019-08-07T20:25:22Z" finished-at="2019-08-07T20:25:24Z">
          <reporter-output>
          </reporter-output>
        </test-method> <!-- ContactsLableTest -->
        <test-method status="PASS" signature="tearDown()[pri:0, instance:com.crm.qa.testcases.ContactsPageTest@ae45eb6]" name="tearDown" is-config="true" duration-ms="778" started-at="2019-08-07T20:25:24Z" finished-at="2019-08-07T20:25:25Z">
          <reporter-output>
          </reporter-output>
        </test-method> <!-- tearDown -->
        <test-method status="PASS" signature="SetUp()[pri:0, instance:com.crm.qa.testcases.ContactsPageTest@ae45eb6]" name="SetUp" is-config="true" duration-ms="23395" started-at="2019-08-07T20:25:25Z" finished-at="2019-08-07T20:25:48Z">
          <reporter-output>
          </reporter-output>
        </test-method> <!-- SetUp -->
        <test-method status="FAIL" signature="CheckBox()[pri:0, instance:com.crm.qa.testcases.ContactsPageTest@ae45eb6]" name="CheckBox" duration-ms="21369" started-at="2019-08-07T20:25:48Z" finished-at="2019-08-07T20:26:09Z">
          <exception class="org.openqa.selenium.NoSuchElementException">
            <message>
              <![CDATA[no such element: Unable to locate element: {"method":"xpath","selector":"//div[@class='ui fitted read-only checkboxxxxxxxxxxxx']"}
  (Session info: chrome=75.0.3770.142)
For documentation on this error, please visit: https://www.seleniumhq.org/exceptions/no_such_element.html
Build info: version: '3.141.59', revision: 'e82be7d358', time: '2018-11-14T08:17:03'
System info: host: 'KANCHAN-PC', ip: '192.168.43.99', os.name: 'Windows 7', os.arch: 'amd64', os.version: '6.1', java.version: '1.8.0_221'
Driver info: org.openqa.selenium.chrome.ChromeDriver
Capabilities {acceptInsecureCerts: false, browserName: chrome, browserVersion: 75.0.3770.142, chrome: {chromedriverVersion: 75.0.3770.90 (a6dcaf7e3ec6f..., userDataDir: C:\Users\Kanchan\AppData\Lo...}, goog:chromeOptions: {debuggerAddress: localhost:49457}, javascriptEnabled: true, networkConnectionEnabled: false, pageLoadStrategy: normal, platform: XP, platformName: XP, proxy: Proxy(), setWindowRect: true, strictFileInteractability: false, timeouts: {implicit: 0, pageLoad: 300000, script: 30000}, unhandledPromptBehavior: dismiss and notify}
Session ID: 7bfbb8ab3e3039389fd3908b79e35f75
*** Element info: {Using=xpath, value=//div[@class='ui fitted read-only checkboxxxxxxxxxxxx']}]]>
            </message>
            <full-stacktrace>
              <![CDATA[org.openqa.selenium.NoSuchElementException: no such element: Unable to locate element: {"method":"xpath","selector":"//div[@class='ui fitted read-only checkboxxxxxxxxxxxx']"}
  (Session info: chrome=75.0.3770.142)
For documentation on this error, please visit: https://www.seleniumhq.org/exceptions/no_such_element.html
Build info: version: '3.141.59', revision: 'e82be7d358', time: '2018-11-14T08:17:03'
System info: host: 'KANCHAN-PC', ip: '192.168.43.99', os.name: 'Windows 7', os.arch: 'amd64', os.version: '6.1', java.version: '1.8.0_221'
Driver info: org.openqa.selenium.chrome.ChromeDriver
Capabilities {acceptInsecureCerts: false, browserName: chrome, browserVersion: 75.0.3770.142, chrome: {chromedriverVersion: 75.0.3770.90 (a6dcaf7e3ec6f..., userDataDir: C:\Users\Kanchan\AppData\Lo...}, goog:chromeOptions: {debuggerAddress: localhost:49457}, javascriptEnabled: true, networkConnectionEnabled: false, pageLoadStrategy: normal, platform: XP, platformName: XP, proxy: Proxy(), setWindowRect: true, strictFileInteractability: false, timeouts: {implicit: 0, pageLoad: 300000, script: 30000}, unhandledPromptBehavior: dismiss and notify}
Session ID: 7bfbb8ab3e3039389fd3908b79e35f75
*** Element info: {Using=xpath, value=//div[@class='ui fitted read-only checkboxxxxxxxxxxxx']}
	at sun.reflect.NativeConstructorAccessorImpl.newInstance0(Native Method)
	at sun.reflect.NativeConstructorAccessorImpl.newInstance(Unknown Source)
	at sun.reflect.DelegatingConstructorAccessorImpl.newInstance(Unknown Source)
	at java.lang.reflect.Constructor.newInstance(Unknown Source)
	at org.openqa.selenium.remote.http.W3CHttpResponseCodec.createException(W3CHttpResponseCodec.java:187)
	at org.openqa.selenium.remote.http.W3CHttpResponseCodec.decode(W3CHttpResponseCodec.java:122)
	at org.openqa.selenium.remote.http.W3CHttpResponseCodec.decode(W3CHttpResponseCodec.java:49)
	at org.openqa.selenium.remote.HttpCommandExecutor.execute(HttpCommandExecutor.java:158)
	at org.openqa.selenium.remote.service.DriverCommandExecutor.execute(DriverCommandExecutor.java:83)
	at org.openqa.selenium.remote.RemoteWebDriver.execute(RemoteWebDriver.java:552)
	at org.openqa.selenium.remote.RemoteWebDriver.findElement(RemoteWebDriver.java:323)
	at org.openqa.selenium.remote.RemoteWebDriver.findElementByXPath(RemoteWebDriver.java:428)
	at org.openqa.selenium.By$ByXPath.findElement(By.java:353)
	at org.openqa.selenium.remote.RemoteWebDriver.findElement(RemoteWebDriver.java:315)
	at sun.reflect.GeneratedMethodAccessor4.invoke(Unknown Source)
	at sun.reflect.DelegatingMethodAccessorImpl.invoke(Unknown Source)
	at java.lang.reflect.Method.invoke(Unknown Source)
	at org.openqa.selenium.support.events.EventFiringWebDriver.lambda$new$1(EventFiringWebDriver.java:105)
	at com.sun.proxy.$Proxy8.findElement(Unknown Source)
	at org.openqa.selenium.support.events.EventFiringWebDriver.findElement(EventFiringWebDriver.java:194)
	at org.openqa.selenium.support.pagefactory.DefaultElementLocator.findElement(DefaultElementLocator.java:69)
	at org.openqa.selenium.support.pagefactory.internal.LocatingElementHandler.invoke(LocatingElementHandler.java:38)
	at com.sun.proxy.$Proxy12.click(Unknown Source)
	at com.crm.qa.pages.ContactsPage.CheckBox(ContactsPage.java:60)
	at com.crm.qa.testcases.ContactsPageTest.CheckBox(ContactsPageTest.java:68)
	at sun.reflect.NativeMethodAccessorImpl.invoke0(Native Method)
	at sun.reflect.NativeMethodAccessorImpl.invoke(Unknown Source)
	at sun.reflect.DelegatingMethodAccessorImpl.invoke(Unknown Source)
	at java.lang.reflect.Method.invoke(Unknown Source)
	at org.testng.internal.MethodInvocationHelper.invokeMethod(MethodInvocationHelper.java:80)
	at org.testng.internal.Invoker.invokeMethod(Invoker.java:714)
	at org.testng.internal.Invoker.invokeTestMethod(Invoker.java:901)
	at org.testng.internal.Invoker.invokeTestMethods(Invoker.java:1231)
	at org.testng.internal.TestMethodWorker.invokeTestMethods(TestMethodWorker.java:127)
	at org.testng.internal.TestMethodWorker.run(TestMethodWorker.java:111)
	at java.util.concurrent.ThreadPoolExecutor.runWorker(Unknown Source)
	at java.util.concurrent.ThreadPoolExecutor$Worker.run(Unknown Source)
	at java.lang.Thread.run(Unknown Source)
]]>
            </full-stacktrace>
          </exception> <!-- org.openqa.selenium.NoSuchElementException -->
          <reporter-output>
          </reporter-output>
        </test-method> <!-- CheckBox -->
        <test-method status="PASS" signature="tearDown()[pri:0, instance:com.crm.qa.testcases.ContactsPageTest@ae45eb6]" name="tearDown" is-config="true" duration-ms="1065" started-at="2019-08-07T20:26:09Z" finished-at="2019-08-07T20:26:10Z">
          <reporter-output>
          </reporter-output>
        </test-method> <!-- tearDown -->
        <test-method status="PASS" signature="SetUp()[pri:0, instance:com.crm.qa.testcases.ContactsPageTest@ae45eb6]" name="SetUp" is-config="true" duration-ms="17234" started-at="2019-08-07T20:26:10Z" finished-at="2019-08-07T20:26:28Z">
          <reporter-output>
          </reporter-output>
        </test-method> <!-- SetUp -->
        <test-method status="PASS" signature="NewBtnTest()[pri:0, instance:com.crm.qa.testcases.ContactsPageTest@ae45eb6]" name="NewBtnTest" duration-ms="388" started-at="2019-08-07T20:26:28Z" finished-at="2019-08-07T20:26:28Z">
          <reporter-output>
          </reporter-output>
        </test-method> <!-- NewBtnTest -->
        <test-method status="PASS" signature="tearDown()[pri:0, instance:com.crm.qa.testcases.ContactsPageTest@ae45eb6]" name="tearDown" is-config="true" duration-ms="683" started-at="2019-08-07T20:26:28Z" finished-at="2019-08-07T20:26:29Z">
          <reporter-output>
          </reporter-output>
        </test-method> <!-- tearDown -->
        <test-method status="PASS" signature="SetUp()[pri:0, instance:com.crm.qa.testcases.ContactsPageTest@ae45eb6]" name="SetUp" is-config="true" duration-ms="16760" started-at="2019-08-07T20:26:34Z" finished-at="2019-08-07T20:26:51Z">
          <reporter-output>
          </reporter-output>
        </test-method> <!-- SetUp -->
        <test-method status="PASS" signature="NewContactCreartionTest(java.lang.String, java.lang.String, java.lang.String)[pri:0, instance:com.crm.qa.testcases.ContactsPageTest@ae45eb6]" name="NewContactCreartionTest" duration-ms="10652" started-at="2019-08-07T20:26:51Z" data-provider="getCRMTestData" finished-at="2019-08-07T20:27:02Z">
          <params>
            <param index="0">
              <value>
                <![CDATA[mayur]]>
              </value>
            </param>
            <param index="1">
              <value>
                <![CDATA[sane]]>
              </value>
            </param>
            <param index="2">
              <value>
                <![CDATA[india]]>
              </value>
            </param>
          </params>
          <reporter-output>
          </reporter-output>
        </test-method> <!-- NewContactCreartionTest -->
        <test-method status="PASS" signature="tearDown()[pri:0, instance:com.crm.qa.testcases.ContactsPageTest@ae45eb6]" name="tearDown" is-config="true" duration-ms="902" started-at="2019-08-07T20:27:02Z" finished-at="2019-08-07T20:27:03Z">
          <reporter-output>
          </reporter-output>
        </test-method> <!-- tearDown -->
      </class> <!-- com.crm.qa.testcases.ContactsPageTest -->
      <class name="com.crm.qa.testcases.LoginPageTest">
        <test-method status="PASS" signature="SetUp()[pri:0, instance:com.crm.qa.testcases.LoginPageTest@4c70fda8]" name="SetUp" is-config="true" duration-ms="34943" started-at="2019-08-07T20:22:41Z" finished-at="2019-08-07T20:23:16Z">
          <reporter-output>
          </reporter-output>
        </test-method> <!-- SetUp -->
        <test-method status="PASS" signature="LoginPageTitleTest()[pri:0, instance:com.crm.qa.testcases.LoginPageTest@4c70fda8]" name="LoginPageTitleTest" duration-ms="118" started-at="2019-08-07T20:23:16Z" finished-at="2019-08-07T20:23:16Z">
          <reporter-output>
          </reporter-output>
        </test-method> <!-- LoginPageTitleTest -->
        <test-method status="PASS" signature="tearDown()[pri:0, instance:com.crm.qa.testcases.LoginPageTest@4c70fda8]" name="tearDown" is-config="true" duration-ms="763" started-at="2019-08-07T20:23:16Z" finished-at="2019-08-07T20:23:16Z">
          <reporter-output>
          </reporter-output>
        </test-method> <!-- tearDown -->
        <test-method status="PASS" signature="SetUp()[pri:0, instance:com.crm.qa.testcases.LoginPageTest@4c70fda8]" name="SetUp" is-config="true" duration-ms="20895" started-at="2019-08-07T20:23:16Z" finished-at="2019-08-07T20:23:37Z">
          <reporter-output>
          </reporter-output>
        </test-method> <!-- SetUp -->
        <test-method status="PASS" signature="LoginTest()[pri:0, instance:com.crm.qa.testcases.LoginPageTest@4c70fda8]" name="LoginTest" duration-ms="4857" started-at="2019-08-07T20:23:37Z" finished-at="2019-08-07T20:23:42Z">
          <reporter-output>
          </reporter-output>
        </test-method> <!-- LoginTest -->
        <test-method status="PASS" signature="tearDown()[pri:0, instance:com.crm.qa.testcases.LoginPageTest@4c70fda8]" name="tearDown" is-config="true" duration-ms="937" started-at="2019-08-07T20:23:42Z" finished-at="2019-08-07T20:23:43Z">
          <reporter-output>
          </reporter-output>
        </test-method> <!-- tearDown -->
      </class> <!-- com.crm.qa.testcases.LoginPageTest -->
    </test> <!-- Free CRM App Test Cases -->
  </suite> <!-- FREE CRM Application Test Automation Test Suite -->
</testng-results>
